Arguments: 
  /usr/local/bin/node /usr/local/Cellar/yarn/1.12.3/libexec/bin/yarn.js install

PATH: 
  /usr/local/opt/inetutils/libexec/gnubin:/usr/local/bin:/usr/bin:/bin:/usr/sbin:/sbin:/usr/local/share/dotnet:~/.dotnet/tools:/Library/Frameworks/Mono.framework/Versions/Current/Commands:/Users/harshniket.seta/bin:/Users/harshniket.seta/flutter/bin

Yarn version: 
  1.12.3

Node version: 
  10.13.0

Platform: 
  darwin x64

Trace: 
  Error: https://registry.yarnpkg.com/@bower_components%2fjquery: Not found
      at Request.params.callback [as _callback] (/usr/local/Cellar/yarn/1.12.3/libexec/lib/cli.js:65894:18)
      at Request.self.callback (/usr/local/Cellar/yarn/1.12.3/libexec/lib/cli.js:129018:22)
      at Request.emit (events.js:182:13)
      at Request.<anonymous> (/usr/local/Cellar/yarn/1.12.3/libexec/lib/cli.js:129990:10)
      at Request.emit (events.js:182:13)
      at IncomingMessage.<anonymous> (/usr/local/Cellar/yarn/1.12.3/libexec/lib/cli.js:129912:12)
      at Object.onceWrapper (events.js:273:13)
      at IncomingMessage.emit (events.js:187:15)
      at endReadableNT (_stream_readable.js:1094:12)
      at process._tickCallback (internal/process/next_tick.js:63:19)

npm manifest: 
  {
    "name": "popup-multiselect",
    "description": "Popup Multi Select Widget based on Bootstrap.",
    "version": "1.0.4",
    "private": false,
    "homepage": "https://github.com/harshniketseta/popupMultiSelect",
    "author": {
      "name": "Harshniket Seta",
      "email": "harshniketseta@gmail.com"
    },
    "license": {
      "type": "MIT",
      "url": "https://github.com/harshniketseta/popupMultiSelect/blob/master/LICENSE"
    },
    "dependencies": {
      "@bower_components/jquery": "jquery#~2.1.3",
      "@bower_components/bootstrap": "bootstrap#~3.3.2"
    },
    "devDependencies": {
      "grunt": "^1.0.4",
      "grunt-contrib-cssmin": "^3.0.0",
      "grunt-contrib-jshint": "^2.1.0",
      "grunt-contrib-sass": "^0.9.2",
      "grunt-contrib-uglify": "^4.0.1",
      "grunt-contrib-watch": "^1.1.0"
    }
  }

yarn manifest: 
  No manifest

Lockfile: 
  No lockfile
